Using pre-set license
Built from '2020.3/staging' branch; Version is '2020.3.9f1 (108be757e447) revision 1084391'; Using compiler version '192528614'; Build Type 'Release'
OS: 'Windows 10 Pro; OS build 19041.985; Version 2004; 64bit' Language: 'ko' Physical Memory: 16299 MB
BatchMode: 1, IsHumanControllingUs: 0, StartBugReporterOnCrash: 0, Is64bit: 1, IsPro: 0

 COMMAND LINE ARGUMENTS:
C:\Program Files\Unity\Hub\Editor\2020.3.9f1\Editor\Unity.exe
-adb2
-batchMode
-noUpm
-name
AssetImportWorker0
-projectPath
C:/Users/USER/RUNNINGGAME
-logFile
Logs/AssetImportWorker0.log
-srvPort
64100
Successfully changed project path to: C:/Users/USER/RUNNINGGAME
C:/Users/USER/RUNNINGGAME
Using Asset Import Pipeline V2.
Refreshing native plugins compatible for Editor in 91.93 ms, found 0 plugins.
Preloading 0 native plugins for Editor in 0.00 ms.
Initialize engine version: 2020.3.9f1 (108be757e447)
[Subsystems] Discovering subsystems at path C:/Program Files/Unity/Hub/Editor/2020.3.9f1/Editor/Data/Resources/UnitySubsystems
[Subsystems] Discovering subsystems at path C:/Users/USER/RUNNINGGAME/Assets
GfxDevice: creating device client; threaded=0
Direct3D:
    Version:  Direct3D 11.0 [level 11.1]
    Renderer: Intel(R) HD Graphics 520 (ID=0x1916)
    Vendor:   
    VRAM:     8149 MB
    Driver:   27.20.100.8336
Initialize mono
Mono path[0] = 'C:/Program Files/Unity/Hub/Editor/2020.3.9f1/Editor/Data/Managed'
Mono path[1] = 'C:/Program Files/Unity/Hub/Editor/2020.3.9f1/Editor/Data/MonoBleedingEdge/lib/mono/unityjit'
Mono config path = 'C:/Program Files/Unity/Hub/Editor/2020.3.9f1/Editor/Data/MonoBleedingEdge/etc'
Using monoOptions --debugger-agent=transport=dt_socket,embedding=1,server=y,suspend=n,address=127.0.0.1:56080
Begin MonoManager ReloadAssembly
Registering precompiled unity dll's ...
Register platform support module: C:/Program Files/Unity/Hub/Editor/2020.3.9f1/Editor/Data/PlaybackEngines/WindowsStandaloneSupport/UnityEditor.WindowsStandalone.Extensions.dll
Registered in 0.012448 seconds.
Native extension for WindowsStandalone target not found
Refreshing native plugins compatible for Editor in 97.35 ms, found 0 plugins.
Preloading 0 native plugins for Editor in 0.00 ms.
Mono: successfully reloaded assembly
- Completed reload, in  4.257 seconds
Platform modules already initialized, skipping
Registering precompiled user dll's ...
Registered in 0.003425 seconds.
Begin MonoManager ReloadAssembly
Native extension for WindowsStandalone target not found
Refreshing native plugins compatible for Editor in 1.00 ms, found 0 plugins.
Preloading 0 native plugins for Editor in 0.00 ms.
Mono: successfully reloaded assembly
- Completed reload, in  3.075 seconds
Platform modules already initialized, skipping
========================================================================
Worker process is ready to serve import requests
Launched and connected shader compiler UnityShaderCompiler.exe after 0.14 seconds
Refreshing native plugins compatible for Editor in 0.50 ms, found 0 plugins.
Preloading 0 native plugins for Editor in 0.00 ms.
Unloading 1115 Unused Serialized files (Serialized files now loaded: 0)
System memory in use before: 57.1 MB.
System memory in use after: 57.1 MB.

Unloading 10 unused Assets to reduce memory usage. Loaded Objects now: 1557.
Total: 3.145200 ms (FindLiveObjects: 0.212300 ms CreateObjectMapping: 0.070300 ms MarkObjects: 2.663800 ms  DeleteObjects: 0.196000 ms)

========================================================================
Received Import Request.
  path: Assets/Scenes/PlayScene.unity
  artifactKey: Guid(9fc0d4010bbf28b4594072e72b8655ab) Importer(815301076,1909f56bfc062723c751e8b465ee728b)
Start importing Assets/Scenes/PlayScene.unity using Guid(9fc0d4010bbf28b4594072e72b8655ab) Importer(815301076,1909f56bfc062723c751e8b465ee728b)  -> (artifact id: '1c2522aac6091aeb9f8eaa03c317f8bb') in 0.089312 seconds
  Import took 0.096281 seconds .

========================================================================
Received Import Request.
  Time since last request: 299.723219 seconds.
  path: Assets
  artifactKey: Guid(00000000000000001000000000000000) Importer(815301076,1909f56bfc062723c751e8b465ee728b)
Start importing Assets using Guid(00000000000000001000000000000000) Importer(815301076,1909f56bfc062723c751e8b465ee728b)  -> (artifact id: '42d402b061de3733987d63b9cc3b64de') in 0.022751 seconds
  Import took 0.030878 seconds .

========================================================================
Received Import Request.
  Time since last request: 19.349983 seconds.
  path: Assets/Resorces
  artifactKey: Guid(c3f23ac998324cf429ff0511f9e6e8b1) Importer(815301076,1909f56bfc062723c751e8b465ee728b)
Start importing Assets/Resorces using Guid(c3f23ac998324cf429ff0511f9e6e8b1) Importer(815301076,1909f56bfc062723c751e8b465ee728b)  -> (artifact id: '30ca78557c94dd6c0b098431b1121786') in 0.044193 seconds
  Import took 0.050420 seconds .

========================================================================
Received Import Request.
  Time since last request: 4.641136 seconds.
  path: Assets/Resources
  artifactKey: Guid(c3f23ac998324cf429ff0511f9e6e8b1) Importer(815301076,1909f56bfc062723c751e8b465ee728b)
Start importing Assets/Resources using Guid(c3f23ac998324cf429ff0511f9e6e8b1) Importer(815301076,1909f56bfc062723c751e8b465ee728b)  -> (artifact id: '2bfc75c68e5f415d55cbce6f4436f6aa') in 0.019691 seconds
  Import took 0.029352 seconds .

========================================================================
Received Import Request.
  Time since last request: 28677.275720 seconds.
  path: Assets/Resources/png/Dead (1).png
  artifactKey: Guid(65ddcb146985c904a95dc9e4516d1e62) Importer(815301076,1909f56bfc062723c751e8b465ee728b)
Start importing Assets/Resources/png/Dead (1).png using Guid(65ddcb146985c904a95dc9e4516d1e62) Importer(815301076,1909f56bfc062723c751e8b465ee728b)  -> (artifact id: 'bc71464f8be1931c764f3288bbc233ca') in 0.372419 seconds
  Import took 0.381740 seconds .

========================================================================
Received Import Request.
  Time since last request: 4.303304 seconds.
  path: Assets/Resources/png/Dead (1) 1.png
  artifactKey: Guid(ce2d5747d0d65b343b5b8f7af65324ae) Importer(815301076,1909f56bfc062723c751e8b465ee728b)
Start importing Assets/Resources/png/Dead (1) 1.png using Guid(ce2d5747d0d65b343b5b8f7af65324ae) Importer(815301076,1909f56bfc062723c751e8b465ee728b)  -> (artifact id: '707a685848f3cb3f6f7a87c29d045dbc') in 0.045713 seconds
  Import took 0.050815 seconds .

========================================================================
Received Import Request.
  Time since last request: 9.760790 seconds.
  path: Assets/Resources/png/Dead (5).png
  artifactKey: Guid(7b6c8080d141fa540bdaeb74f3369150) Importer(815301076,1909f56bfc062723c751e8b465ee728b)
Start importing Assets/Resources/png/Dead (5).png using Guid(7b6c8080d141fa540bdaeb74f3369150) Importer(815301076,1909f56bfc062723c751e8b465ee728b)  -> (artifact id: 'a78e05d87d64eaa8bac717bf4e9135f5') in 0.038335 seconds
  Import took 0.045112 seconds .

========================================================================
Received Import Request.
  Time since last request: 0.001318 seconds.
  path: Assets/Resources/png/Dead (5).png
  artifactKey: Guid(7b6c8080d141fa540bdaeb74f3369150) Importer(815301076,1909f56bfc062723c751e8b465ee728b)
Start importing Assets/Resources/png/Dead (5).png using Guid(7b6c8080d141fa540bdaeb74f3369150) Importer(815301076,1909f56bfc062723c751e8b465ee728b)  -> (artifact id: 'a78e05d87d64eaa8bac717bf4e9135f5') in 0.035860 seconds
  Import took 0.042582 seconds .

========================================================================
Received Import Request.
  Time since last request: 1.739837 seconds.
  path: Assets/Resources/png/Dead (11).png
  artifactKey: Guid(c46200da8fcd9be49b7638e1193c4d2d) Importer(815301076,1909f56bfc062723c751e8b465ee728b)
Start importing Assets/Resources/png/Dead (11).png using Guid(c46200da8fcd9be49b7638e1193c4d2d) Importer(815301076,1909f56bfc062723c751e8b465ee728b)  -> (artifact id: '3cf8f31ba4e9f87c023c6503c54f52d1') in 0.070788 seconds
  Import took 0.078860 seconds .

========================================================================
Received Import Request.
  Time since last request: 0.025418 seconds.
  path: Assets/Resources/png/Dead (12).png
  artifactKey: Guid(38c117a92b4dc63428bf73e6a8d5e3ad) Importer(815301076,1909f56bfc062723c751e8b465ee728b)
Start importing Assets/Resources/png/Dead (12).png using Guid(38c117a92b4dc63428bf73e6a8d5e3ad) Importer(815301076,1909f56bfc062723c751e8b465ee728b)  -> (artifact id: 'd84f755bd72539aaa51a590b9df3c548') in 0.049852 seconds
  Import took 0.055877 seconds .

========================================================================
Received Import Request.
  Time since last request: 0.027200 seconds.
  path: Assets/Resources/png/Dead (12).png
  artifactKey: Guid(38c117a92b4dc63428bf73e6a8d5e3ad) Importer(815301076,1909f56bfc062723c751e8b465ee728b)
Start importing Assets/Resources/png/Dead (12).png using Guid(38c117a92b4dc63428bf73e6a8d5e3ad) Importer(815301076,1909f56bfc062723c751e8b465ee728b)  -> (artifact id: 'd84f755bd72539aaa51a590b9df3c548') in 0.050636 seconds
  Import took 0.057116 seconds .

========================================================================
Received Import Request.
  Time since last request: 1.023631 seconds.
  path: Assets/Resources/png/Dead (29).png
  artifactKey: Guid(46d45d6554e7d474c940d8df17e04fd3) Importer(815301076,1909f56bfc062723c751e8b465ee728b)
Start importing Assets/Resources/png/Dead (29).png using Guid(46d45d6554e7d474c940d8df17e04fd3) Importer(815301076,1909f56bfc062723c751e8b465ee728b)  -> (artifact id: '5c8cb76174ace7ee04247931d6f90657') in 0.032205 seconds
  Import took 0.036750 seconds .

========================================================================
Received Import Request.
  Time since last request: 1.826666 seconds.
  path: Assets/Resources/png/Jump (7).png
  artifactKey: Guid(b147fea7087bb844283a2036662a1dc9) Importer(815301076,1909f56bfc062723c751e8b465ee728b)
Start importing Assets/Resources/png/Jump (7).png using Guid(b147fea7087bb844283a2036662a1dc9) Importer(815301076,1909f56bfc062723c751e8b465ee728b)  -> (artifact id: '2ce260f2f3e498fff49b2de5b64be837') in 0.035630 seconds
  Import took 0.040365 seconds .

========================================================================
Received Import Request.
  Time since last request: 10.030221 seconds.
  path: Assets/Resources/png/Walk (5).png
  artifactKey: Guid(731be97902b982d4f8a9040ca4866ed7) Importer(815301076,1909f56bfc062723c751e8b465ee728b)
Start importing Assets/Resources/png/Walk (5).png using Guid(731be97902b982d4f8a9040ca4866ed7) Importer(815301076,1909f56bfc062723c751e8b465ee728b)  -> (artifact id: '2c5c9f92fc92dc6c40f91fc66b8e6e5b') in 0.052187 seconds
  Import took 0.057586 seconds .

========================================================================
Received Import Request.
  Time since last request: 66.480722 seconds.
  path: Assets/Resources/png/Walk (20).png
  artifactKey: Guid(90eff9a7e09462848883f0135d8c8541) Importer(815301076,1909f56bfc062723c751e8b465ee728b)
Start importing Assets/Resources/png/Walk (20).png using Guid(90eff9a7e09462848883f0135d8c8541) Importer(815301076,1909f56bfc062723c751e8b465ee728b)  -> (artifact id: '23c6b339223dd44b18838a8fbc51fe00') in 0.157783 seconds
  Import took 0.164079 seconds .

========================================================================
Received Import Request.
  Time since last request: 303.685031 seconds.
  path: Assets/Resources/png/Idle (9).png
  artifactKey: Guid(bd4dd815c177adf47a420b65282a2581) Importer(815301076,1909f56bfc062723c751e8b465ee728b)
Start importing Assets/Resources/png/Idle (9).png using Guid(bd4dd815c177adf47a420b65282a2581) Importer(815301076,1909f56bfc062723c751e8b465ee728b)  -> (artifact id: '90cc636d1ca43a93d1ed17138699f18e') in 0.063207 seconds
  Import took 0.068426 seconds .

========================================================================
Received Import Request.
  Time since last request: 1806.631807 seconds.
  path: Assets/Resources/png/Dead (16).png
  artifactKey: Guid(dcef90a9265470f49afdf373125cd807) Importer(815301076,1909f56bfc062723c751e8b465ee728b)
Start importing Assets/Resources/png/Dead (16).png using Guid(dcef90a9265470f49afdf373125cd807) Importer(815301076,1909f56bfc062723c751e8b465ee728b)  -> (artifact id: '0fb7677439670229f594a7ec49277235') in 0.042703 seconds
  Import took 0.047424 seconds .

========================================================================
Received Import Request.
  Time since last request: 0.675246 seconds.
  path: Assets/Resources/png/Dead (20).png
  artifactKey: Guid(6f4134447860e8e4fa38b119aa1562a5) Importer(815301076,1909f56bfc062723c751e8b465ee728b)
Start importing Assets/Resources/png/Dead (20).png using Guid(6f4134447860e8e4fa38b119aa1562a5) Importer(815301076,1909f56bfc062723c751e8b465ee728b)  -> (artifact id: 'a66f3fa54e567b0eacca4ca712913a07') in 0.053215 seconds
  Import took 0.058056 seconds .

========================================================================
Received Import Request.
  Time since last request: 11.873653 seconds.
  path: Assets/Resources/png/Idle (9).png
  artifactKey: Guid(bd4dd815c177adf47a420b65282a2581) Importer(815301076,1909f56bfc062723c751e8b465ee728b)
Start importing Assets/Resources/png/Idle (9).png using Guid(bd4dd815c177adf47a420b65282a2581) Importer(815301076,1909f56bfc062723c751e8b465ee728b)  -> (artifact id: '8db7097f87c3f72edb1092c2315abc6b') in 0.067466 seconds
  Import took 0.073786 seconds .

========================================================================
Received Import Request.
  Time since last request: 92.832420 seconds.
  path: Assets/Resources/png/Idle (1).png
  artifactKey: Guid(2f0a71d78ecab824fa0af8052e8d1fa9) Importer(815301076,1909f56bfc062723c751e8b465ee728b)
Start importing Assets/Resources/png/Idle (1).png using Guid(2f0a71d78ecab824fa0af8052e8d1fa9) Importer(815301076,1909f56bfc062723c751e8b465ee728b)  -> (artifact id: '0c1e5440a0288d4dcbac4124a5f42f6f') in 0.054644 seconds
  Import took 0.058905 seconds .

========================================================================
Received Import Request.
  Time since last request: 1.264333 seconds.
  path: Assets/Resources/png/Idle (2).png
  artifactKey: Guid(3f4e5e301858e0f47af8a688375c22ee) Importer(815301076,1909f56bfc062723c751e8b465ee728b)
Start importing Assets/Resources/png/Idle (2).png using Guid(3f4e5e301858e0f47af8a688375c22ee) Importer(815301076,1909f56bfc062723c751e8b465ee728b)  -> (artifact id: 'b0a7a4f0d52acbe617a6815f57641a22') in 0.122687 seconds
  Import took 0.130287 seconds .

========================================================================
Received Import Request.
  Time since last request: 0.034370 seconds.
  path: Assets/Resources/png/Idle (2).png
  artifactKey: Guid(3f4e5e301858e0f47af8a688375c22ee) Importer(815301076,1909f56bfc062723c751e8b465ee728b)
Start importing Assets/Resources/png/Idle (2).png using Guid(3f4e5e301858e0f47af8a688375c22ee) Importer(815301076,1909f56bfc062723c751e8b465ee728b)  -> (artifact id: 'b0a7a4f0d52acbe617a6815f57641a22') in 0.035019 seconds
  Import took 0.039373 seconds .

========================================================================
Received Import Request.
  Time since last request: 0.062751 seconds.
  path: Assets/Resources/png/Idle (4).png
  artifactKey: Guid(d00fb3d393476064c9d6c80497ea428a) Importer(815301076,1909f56bfc062723c751e8b465ee728b)
Start importing Assets/Resources/png/Idle (4).png using Guid(d00fb3d393476064c9d6c80497ea428a) Importer(815301076,1909f56bfc062723c751e8b465ee728b)  -> (artifact id: '021e97c00240673bed6522f136773091') in 0.040280 seconds
  Import took 0.046660 seconds .

========================================================================
Received Import Request.
  Time since last request: 0.653235 seconds.
  path: Assets/Resources/png/Idle (6).png
  artifactKey: Guid(91b1f6d852ee0e645ba9b992a87b86eb) Importer(815301076,1909f56bfc062723c751e8b465ee728b)
Start importing Assets/Resources/png/Idle (6).png using Guid(91b1f6d852ee0e645ba9b992a87b86eb) Importer(815301076,1909f56bfc062723c751e8b465ee728b)  -> (artifact id: '7a9164dba6dc608696ca1a4cd6cd2d62') in 0.163992 seconds
  Import took 0.171835 seconds .

========================================================================
Received Import Request.
  Time since last request: 10.045490 seconds.
  path: Assets/Resources/png/Idle (10).png
  artifactKey: Guid(60cc0a5499082144a931bd53b9f5d015) Importer(815301076,1909f56bfc062723c751e8b465ee728b)
Start importing Assets/Resources/png/Idle (10).png using Guid(60cc0a5499082144a931bd53b9f5d015) Importer(815301076,1909f56bfc062723c751e8b465ee728b)  -> (artifact id: '36b8155a7b91d752bbce3fea33bed8b8') in 0.035546 seconds
  Import took 0.038825 seconds .

========================================================================
Received Import Request.
  Time since last request: 0.443941 seconds.
  path: Assets/Resources/png/Idle (11).png
  artifactKey: Guid(b6d28af6a0c9dce4ba0ec748dc0aebb7) Importer(815301076,1909f56bfc062723c751e8b465ee728b)
Start importing Assets/Resources/png/Idle (11).png using Guid(b6d28af6a0c9dce4ba0ec748dc0aebb7) Importer(815301076,1909f56bfc062723c751e8b465ee728b)  -> (artifact id: '896e8066d599a8d34a280ec4453a772d') in 0.032297 seconds
  Import took 0.036499 seconds .

========================================================================
Received Import Request.
  Time since last request: 1.011749 seconds.
  path: Assets/Resources/png/Idle (12).png
  artifactKey: Guid(fc2362dd1be772c49ad271188a6cbafe) Importer(815301076,1909f56bfc062723c751e8b465ee728b)
Start importing Assets/Resources/png/Idle (12).png using Guid(fc2362dd1be772c49ad271188a6cbafe) Importer(815301076,1909f56bfc062723c751e8b465ee728b)  -> (artifact id: '3f52a17371d4cea3460d1b6bced0de5e') in 0.078826 seconds
  Import took 0.089290 seconds .

========================================================================
Received Import Request.
  Time since last request: 0.015912 seconds.
  path: Assets/Resources/png/Idle (13).png
  artifactKey: Guid(36eb59b0e15a6fc4da82dded2295faaa) Importer(815301076,1909f56bfc062723c751e8b465ee728b)
Start importing Assets/Resources/png/Idle (13).png using Guid(36eb59b0e15a6fc4da82dded2295faaa) Importer(815301076,1909f56bfc062723c751e8b465ee728b)  -> (artifact id: 'b81673b45d276a2e557bffeade68ab4e') in 0.039548 seconds
  Import took 0.043056 seconds .

========================================================================
Received Import Request.
  Time since last request: 0.025205 seconds.
  path: Assets/Resources/png/Idle (13).png
  artifactKey: Guid(36eb59b0e15a6fc4da82dded2295faaa) Importer(815301076,1909f56bfc062723c751e8b465ee728b)
Start importing Assets/Resources/png/Idle (13).png using Guid(36eb59b0e15a6fc4da82dded2295faaa) Importer(815301076,1909f56bfc062723c751e8b465ee728b)  -> (artifact id: 'b81673b45d276a2e557bffeade68ab4e') in 0.028654 seconds
  Import took 0.032467 seconds .

========================================================================
Received Import Request.
  Time since last request: 0.063241 seconds.
  path: Assets/Resources/png/Idle (14).png
  artifactKey: Guid(1201f16674e74ad4dafb7ad0da15cc25) Importer(815301076,1909f56bfc062723c751e8b465ee728b)
Start importing Assets/Resources/png/Idle (14).png using Guid(1201f16674e74ad4dafb7ad0da15cc25) Importer(815301076,1909f56bfc062723c751e8b465ee728b)  -> (artifact id: '8be495cee8e1d26f640487106ca8a44f') in 0.048415 seconds
  Import took 0.053137 seconds .

========================================================================
Received Import Request.
  Time since last request: 0.028100 seconds.
  path: Assets/Resources/png/Idle (15).png
  artifactKey: Guid(ba274664b53ec9f4f9a61ad5a31d0164) Importer(815301076,1909f56bfc062723c751e8b465ee728b)
Start importing Assets/Resources/png/Idle (15).png using Guid(ba274664b53ec9f4f9a61ad5a31d0164) Importer(815301076,1909f56bfc062723c751e8b465ee728b)  -> (artifact id: '3861679ebd0c4c34b1f6576c937e4f0b') in 0.046056 seconds
  Import took 0.051386 seconds .

========================================================================
Received Import Request.
  Time since last request: 0.017057 seconds.
  path: Assets/Resources/png/Idle (15).png
  artifactKey: Guid(ba274664b53ec9f4f9a61ad5a31d0164) Importer(815301076,1909f56bfc062723c751e8b465ee728b)
Start importing Assets/Resources/png/Idle (15).png using Guid(ba274664b53ec9f4f9a61ad5a31d0164) Importer(815301076,1909f56bfc062723c751e8b465ee728b)  -> (artifact id: '3861679ebd0c4c34b1f6576c937e4f0b') in 0.028623 seconds
  Import took 0.033517 seconds .

========================================================================
Received Import Request.
  Time since last request: 0.037487 seconds.
  path: Assets/Resources/png/Idle (16).png
  artifactKey: Guid(89008ab922126244091b7fe72f1609f6) Importer(815301076,1909f56bfc062723c751e8b465ee728b)
Start importing Assets/Resources/png/Idle (16).png using Guid(89008ab922126244091b7fe72f1609f6) Importer(815301076,1909f56bfc062723c751e8b465ee728b)  -> (artifact id: '9cfb6760d0690373182494e2787efc7c') in 0.036905 seconds
  Import took 0.041419 seconds .

========================================================================
Received Import Request.
  Time since last request: 0.023005 seconds.
  path: Assets/Resources/png/Idle (16).png
  artifactKey: Guid(89008ab922126244091b7fe72f1609f6) Importer(815301076,1909f56bfc062723c751e8b465ee728b)
Start importing Assets/Resources/png/Idle (16).png using Guid(89008ab922126244091b7fe72f1609f6) Importer(815301076,1909f56bfc062723c751e8b465ee728b)  -> (artifact id: '9cfb6760d0690373182494e2787efc7c') in 0.036581 seconds
  Import took 0.041339 seconds .

========================================================================
Received Import Request.
  Time since last request: 0.037729 seconds.
  path: Assets/Resources/png/Jump (1).png
  artifactKey: Guid(5b9e93c9e651aef40bfab9abb5218be6) Importer(815301076,1909f56bfc062723c751e8b465ee728b)
Start importing Assets/Resources/png/Jump (1).png using Guid(5b9e93c9e651aef40bfab9abb5218be6) Importer(815301076,1909f56bfc062723c751e8b465ee728b)  -> (artifact id: '70b6a1523af9e759ace28ff83a67f69f') in 0.037982 seconds
  Import took 0.043335 seconds .

========================================================================
Received Import Request.
  Time since last request: 0.015713 seconds.
  path: Assets/Resources/png/Jump (1).png
  artifactKey: Guid(5b9e93c9e651aef40bfab9abb5218be6) Importer(815301076,1909f56bfc062723c751e8b465ee728b)
Start importing Assets/Resources/png/Jump (1).png using Guid(5b9e93c9e651aef40bfab9abb5218be6) Importer(815301076,1909f56bfc062723c751e8b465ee728b)  -> (artifact id: '70b6a1523af9e759ace28ff83a67f69f') in 0.027750 seconds
  Import took 0.031997 seconds .

========================================================================
Received Import Request.
  Time since last request: 12.242661 seconds.
  path: Assets/Resources/png/Idle (11).png
  artifactKey: Guid(b6d28af6a0c9dce4ba0ec748dc0aebb7) Importer(815301076,1909f56bfc062723c751e8b465ee728b)
Start importing Assets/Resources/png/Idle (11).png using Guid(b6d28af6a0c9dce4ba0ec748dc0aebb7) Importer(815301076,1909f56bfc062723c751e8b465ee728b)  -> (artifact id: 'd03f56f55643af55f124ebeb4bd03c58') in 0.054030 seconds
  Import took 0.060184 seconds .

========================================================================
Received Import Request.
  Time since last request: 636.880214 seconds.
  path: Assets/Resources/png/Idle (12).png
  artifactKey: Guid(fc2362dd1be772c49ad271188a6cbafe) Importer(815301076,1909f56bfc062723c751e8b465ee728b)
Start importing Assets/Resources/png/Idle (12).png using Guid(fc2362dd1be772c49ad271188a6cbafe) Importer(815301076,1909f56bfc062723c751e8b465ee728b)  -> (artifact id: '224d403471e94d81d245fdac74818a0a') in 0.061677 seconds
  Import took 0.073267 seconds .

========================================================================
Received Import Request.
  Time since last request: 0.381733 seconds.
  path: Assets/Resources/png/Idle (9).png
  artifactKey: Guid(bd4dd815c177adf47a420b65282a2581) Importer(815301076,1909f56bfc062723c751e8b465ee728b)
Start importing Assets/Resources/png/Idle (9).png using Guid(bd4dd815c177adf47a420b65282a2581) Importer(815301076,1909f56bfc062723c751e8b465ee728b)  -> (artifact id: '4461d0e37e6e431dfa3340a4b39883fa') in 0.031748 seconds
  Import took 0.036110 seconds .

========================================================================
Received Import Request.
  Time since last request: 15187.379349 seconds.
  path: Assets/Script
  artifactKey: Guid(1b3473fe4bf0d98438ffe4b96b76e2de) Importer(815301076,1909f56bfc062723c751e8b465ee728b)
Start importing Assets/Script using Guid(1b3473fe4bf0d98438ffe4b96b76e2de) Importer(815301076,1909f56bfc062723c751e8b465ee728b)  -> (artifact id: 'a1d2b3135a97f597e2bd2fa45d7e7102') in 0.025879 seconds
  Import took 0.033885 seconds .

========================================================================
Received Import Request.
  Time since last request: 240.328667 seconds.
  path: Assets/Script/Player.cs
  artifactKey: Guid(3f8859e15c1b15a45ab6c6e18b594968) Importer(815301076,1909f56bfc062723c751e8b465ee728b)
Start importing Assets/Script/Player.cs using Guid(3f8859e15c1b15a45ab6c6e18b594968) Importer(815301076,1909f56bfc062723c751e8b465ee728b)  -> (artifact id: 'f864e81d8ff8bc7af511aaef5e3a3019') in 0.056516 seconds
  Import took 0.115317 seconds .

