Using pre-set license
Built from '2020.3/staging' branch; Version is '2020.3.9f1 (108be757e447) revision 1084391'; Using compiler version '192528614'; Build Type 'Release'
OS: 'Windows 10 Pro; OS build 19041.985; Version 2004; 64bit' Language: 'ko' Physical Memory: 16299 MB
BatchMode: 1, IsHumanControllingUs: 0, StartBugReporterOnCrash: 0, Is64bit: 1, IsPro: 0

 COMMAND LINE ARGUMENTS:
C:\Program Files\Unity\Hub\Editor\2020.3.9f1\Editor\Unity.exe
-adb2
-batchMode
-noUpm
-name
AssetImportWorker0
-projectPath
C:/Users/USER/RUNNINGGAME
-logFile
Logs/AssetImportWorker0.log
-srvPort
62752
Successfully changed project path to: C:/Users/USER/RUNNINGGAME
C:/Users/USER/RUNNINGGAME
Using Asset Import Pipeline V2.
Refreshing native plugins compatible for Editor in 70.07 ms, found 0 plugins.
Preloading 0 native plugins for Editor in 0.00 ms.
Initialize engine version: 2020.3.9f1 (108be757e447)
[Subsystems] Discovering subsystems at path C:/Program Files/Unity/Hub/Editor/2020.3.9f1/Editor/Data/Resources/UnitySubsystems
[Subsystems] Discovering subsystems at path C:/Users/USER/RUNNINGGAME/Assets
GfxDevice: creating device client; threaded=0
Direct3D:
    Version:  Direct3D 11.0 [level 11.1]
    Renderer: Intel(R) HD Graphics 520 (ID=0x1916)
    Vendor:   
    VRAM:     8149 MB
    Driver:   27.20.100.8336
Initialize mono
Mono path[0] = 'C:/Program Files/Unity/Hub/Editor/2020.3.9f1/Editor/Data/Managed'
Mono path[1] = 'C:/Program Files/Unity/Hub/Editor/2020.3.9f1/Editor/Data/MonoBleedingEdge/lib/mono/unityjit'
Mono config path = 'C:/Program Files/Unity/Hub/Editor/2020.3.9f1/Editor/Data/MonoBleedingEdge/etc'
Using monoOptions --debugger-agent=transport=dt_socket,embedding=1,server=y,suspend=n,address=127.0.0.1:56272
Begin MonoManager ReloadAssembly
Registering precompiled unity dll's ...
Register platform support module: C:/Program Files/Unity/Hub/Editor/2020.3.9f1/Editor/Data/PlaybackEngines/WindowsStandaloneSupport/UnityEditor.WindowsStandalone.Extensions.dll
Registered in 0.011444 seconds.
Native extension for WindowsStandalone target not found
Refreshing native plugins compatible for Editor in 99.22 ms, found 0 plugins.
Preloading 0 native plugins for Editor in 0.00 ms.
Mono: successfully reloaded assembly
- Completed reload, in  3.092 seconds
Platform modules already initialized, skipping
Registering precompiled user dll's ...
Registered in 0.003118 seconds.
Begin MonoManager ReloadAssembly
Native extension for WindowsStandalone target not found
Refreshing native plugins compatible for Editor in 0.36 ms, found 0 plugins.
Preloading 0 native plugins for Editor in 0.00 ms.
Mono: successfully reloaded assembly
- Completed reload, in  2.493 seconds
Platform modules already initialized, skipping
========================================================================
Worker process is ready to serve import requests
Launched and connected shader compiler UnityShaderCompiler.exe after 0.15 seconds
Refreshing native plugins compatible for Editor in 0.45 ms, found 0 plugins.
Preloading 0 native plugins for Editor in 0.00 ms.
Unloading 1116 Unused Serialized files (Serialized files now loaded: 0)
System memory in use before: 76.7 MB.
System memory in use after: 76.8 MB.

Unloading 9 unused Assets to reduce memory usage. Loaded Objects now: 1581.
Total: 3.460400 ms (FindLiveObjects: 0.413100 ms CreateObjectMapping: 0.139800 ms MarkObjects: 2.764400 ms  DeleteObjects: 0.140500 ms)

========================================================================
Received Import Request.
  path: Assets/Resources/png/Idle (2).png
  artifactKey: Guid(3f4e5e301858e0f47af8a688375c22ee) Importer(815301076,1909f56bfc062723c751e8b465ee728b)
Start importing Assets/Resources/png/Idle (2).png using Guid(3f4e5e301858e0f47af8a688375c22ee) Importer(815301076,1909f56bfc062723c751e8b465ee728b)  -> (artifact id: '87a90b05efad34e4775e7c794d89230a') in 0.469604 seconds
  Import took 0.474683 seconds .

========================================================================
Received Import Request.
  Time since last request: 0.000548 seconds.
  path: Assets/Resources/png/Jump (6).png
  artifactKey: Guid(636313ec414b75445b639d9b8e1ccb0e) Importer(815301076,1909f56bfc062723c751e8b465ee728b)
Start importing Assets/Resources/png/Jump (6).png using Guid(636313ec414b75445b639d9b8e1ccb0e) Importer(815301076,1909f56bfc062723c751e8b465ee728b)  -> (artifact id: '4a76c0b0d7475a5e16db3452e7ae22cf') in 0.046914 seconds
  Import took 0.051008 seconds .

========================================================================
Received Import Request.
  Time since last request: 0.000300 seconds.
  path: Assets/Resources/png/Idle (8).png
  artifactKey: Guid(cf5ad18375dc8ea4cb267a2670ab4c37) Importer(815301076,1909f56bfc062723c751e8b465ee728b)
Start importing Assets/Resources/png/Idle (8).png using Guid(cf5ad18375dc8ea4cb267a2670ab4c37) Importer(815301076,1909f56bfc062723c751e8b465ee728b)  -> (artifact id: '35a14852d3276af3bf6d67714b274911') in 0.029841 seconds
  Import took 0.033031 seconds .

========================================================================
Received Import Request.
  Time since last request: 0.000292 seconds.
  path: Assets/Resources/png/Idle (4).png
  artifactKey: Guid(d00fb3d393476064c9d6c80497ea428a) Importer(815301076,1909f56bfc062723c751e8b465ee728b)
Start importing Assets/Resources/png/Idle (4).png using Guid(d00fb3d393476064c9d6c80497ea428a) Importer(815301076,1909f56bfc062723c751e8b465ee728b)  -> (artifact id: '0c912b05607466cb0f96cad8723ca031') in 0.037218 seconds
  Import took 0.039977 seconds .

========================================================================
Received Import Request.
  Time since last request: 0.000456 seconds.
  path: Assets/Resources/png/Idle (15).png
  artifactKey: Guid(ba274664b53ec9f4f9a61ad5a31d0164) Importer(815301076,1909f56bfc062723c751e8b465ee728b)
Start importing Assets/Resources/png/Idle (15).png using Guid(ba274664b53ec9f4f9a61ad5a31d0164) Importer(815301076,1909f56bfc062723c751e8b465ee728b)  -> (artifact id: 'cd16a31c6ffeffc6618d6b17a47d680c') in 0.031884 seconds
  Import took 0.035237 seconds .

========================================================================
Received Import Request.
  Time since last request: 0.000420 seconds.
  path: Assets/Resources/png/Idle (14).png
  artifactKey: Guid(1201f16674e74ad4dafb7ad0da15cc25) Importer(815301076,1909f56bfc062723c751e8b465ee728b)
Start importing Assets/Resources/png/Idle (14).png using Guid(1201f16674e74ad4dafb7ad0da15cc25) Importer(815301076,1909f56bfc062723c751e8b465ee728b)  -> (artifact id: '4908ed3e68fec6cb8234ee566a60d628') in 0.031917 seconds
  Import took 0.035472 seconds .

========================================================================
Received Import Request.
  Time since last request: 0.000264 seconds.
  path: Assets/Resources/png/Jump (5).png
  artifactKey: Guid(02f677915ec257243b8b4e802304d9ea) Importer(815301076,1909f56bfc062723c751e8b465ee728b)
Start importing Assets/Resources/png/Jump (5).png using Guid(02f677915ec257243b8b4e802304d9ea) Importer(815301076,1909f56bfc062723c751e8b465ee728b)  -> (artifact id: 'e023f837ec1e44a6ad46d795fc79e696') in 0.047236 seconds
  Import took 0.050769 seconds .

========================================================================
Received Import Request.
  Time since last request: 0.000509 seconds.
  path: Assets/Resources/png/Jump (8).png
  artifactKey: Guid(345349480444da64ab7fc0af68d82e2f) Importer(815301076,1909f56bfc062723c751e8b465ee728b)
Start importing Assets/Resources/png/Jump (8).png using Guid(345349480444da64ab7fc0af68d82e2f) Importer(815301076,1909f56bfc062723c751e8b465ee728b)  -> (artifact id: '6ae7d911a1ac52e86a032a503eb4cf6c') in 0.044445 seconds
  Import took 0.048568 seconds .

========================================================================
Received Import Request.
  Time since last request: 0.000505 seconds.
  path: Assets/Resources/png/Jump (7).png
  artifactKey: Guid(b147fea7087bb844283a2036662a1dc9) Importer(815301076,1909f56bfc062723c751e8b465ee728b)
Start importing Assets/Resources/png/Jump (7).png using Guid(b147fea7087bb844283a2036662a1dc9) Importer(815301076,1909f56bfc062723c751e8b465ee728b)  -> (artifact id: '48effe90014e3b11bb7f6d1aea334d6b') in 0.047431 seconds
  Import took 0.051751 seconds .

========================================================================
Received Import Request.
  Time since last request: 0.000643 seconds.
  path: Assets/Resources/png/Idle (5).png
  artifactKey: Guid(922e3c85a35b7dc4c8556cf6e98776db) Importer(815301076,1909f56bfc062723c751e8b465ee728b)
Start importing Assets/Resources/png/Idle (5).png using Guid(922e3c85a35b7dc4c8556cf6e98776db) Importer(815301076,1909f56bfc062723c751e8b465ee728b)  -> (artifact id: '2277ee107600a2e2cee9f497d319d263') in 0.046057 seconds
  Import took 0.050243 seconds .

========================================================================
Received Import Request.
  Time since last request: 0.000533 seconds.
  path: Assets/Resources/png/Idle (13).png
  artifactKey: Guid(36eb59b0e15a6fc4da82dded2295faaa) Importer(815301076,1909f56bfc062723c751e8b465ee728b)
Start importing Assets/Resources/png/Idle (13).png using Guid(36eb59b0e15a6fc4da82dded2295faaa) Importer(815301076,1909f56bfc062723c751e8b465ee728b)  -> (artifact id: '937920ae1d058088e156e0344591a1e3') in 0.046776 seconds
  Import took 0.053135 seconds .

========================================================================
Received Import Request.
  Time since last request: 0.000553 seconds.
  path: Assets/Resources/png/Dead (30).png
  artifactKey: Guid(e1594852b8bcea64e95be1797c250558) Importer(815301076,1909f56bfc062723c751e8b465ee728b)
Start importing Assets/Resources/png/Dead (30).png using Guid(e1594852b8bcea64e95be1797c250558) Importer(815301076,1909f56bfc062723c751e8b465ee728b)  -> (artifact id: '30b942454f391fa101d4fdcddc755552') in 0.049935 seconds
  Import took 0.054536 seconds .

========================================================================
Received Import Request.
  Time since last request: 0.000603 seconds.
  path: Assets/Resources/png/Idle (1).png
  artifactKey: Guid(2f0a71d78ecab824fa0af8052e8d1fa9) Importer(815301076,1909f56bfc062723c751e8b465ee728b)
Start importing Assets/Resources/png/Idle (1).png using Guid(2f0a71d78ecab824fa0af8052e8d1fa9) Importer(815301076,1909f56bfc062723c751e8b465ee728b)  -> (artifact id: '9907a6f8d331babd1214f99cf6dee65f') in 0.046028 seconds
  Import took 0.049948 seconds .

========================================================================
Received Import Request.
  Time since last request: 0.000499 seconds.
  path: Assets/Resources/png/Idle (6).png
  artifactKey: Guid(91b1f6d852ee0e645ba9b992a87b86eb) Importer(815301076,1909f56bfc062723c751e8b465ee728b)
Start importing Assets/Resources/png/Idle (6).png using Guid(91b1f6d852ee0e645ba9b992a87b86eb) Importer(815301076,1909f56bfc062723c751e8b465ee728b)  -> (artifact id: '95ebefc670cf56160d2fa95d01b79e63') in 0.040423 seconds
  Import took 0.042844 seconds .

========================================================================
Received Import Request.
  Time since last request: 0.000420 seconds.
  path: Assets/Resources/png/Jump (2).png
  artifactKey: Guid(13c2606f0bb44df46967455203af423e) Importer(815301076,1909f56bfc062723c751e8b465ee728b)
Start importing Assets/Resources/png/Jump (2).png using Guid(13c2606f0bb44df46967455203af423e) Importer(815301076,1909f56bfc062723c751e8b465ee728b)  -> (artifact id: 'f541031f65bbbbf30d5a3ee88e9e7873') in 0.041229 seconds
  Import took 0.044608 seconds .

========================================================================
Received Import Request.
  Time since last request: 0.000336 seconds.
  path: Assets/Resources/png/Idle (3).png
  artifactKey: Guid(c4b7cc0fa826bef43a7d988fa2266be3) Importer(815301076,1909f56bfc062723c751e8b465ee728b)
Start importing Assets/Resources/png/Idle (3).png using Guid(c4b7cc0fa826bef43a7d988fa2266be3) Importer(815301076,1909f56bfc062723c751e8b465ee728b)  -> (artifact id: '738327f1de3006dd9d78030f1c708243') in 0.048694 seconds
  Import took 0.052759 seconds .

========================================================================
Received Import Request.
  Time since last request: 0.000467 seconds.
  path: Assets/Resources/png/Idle (10).png
  artifactKey: Guid(60cc0a5499082144a931bd53b9f5d015) Importer(815301076,1909f56bfc062723c751e8b465ee728b)
Start importing Assets/Resources/png/Idle (10).png using Guid(60cc0a5499082144a931bd53b9f5d015) Importer(815301076,1909f56bfc062723c751e8b465ee728b)  -> (artifact id: '789d9fb522f6575171796962d0c865e3') in 0.078310 seconds
  Import took 0.083520 seconds .

========================================================================
Received Import Request.
  Time since last request: 0.000384 seconds.
  path: Assets/Resources/png/Idle (7).png
  artifactKey: Guid(2f43867ea882c9640b4713aaf7930158) Importer(815301076,1909f56bfc062723c751e8b465ee728b)
Start importing Assets/Resources/png/Idle (7).png using Guid(2f43867ea882c9640b4713aaf7930158) Importer(815301076,1909f56bfc062723c751e8b465ee728b)  -> (artifact id: '7c308dcd226a734b78d22c8d88a5a8a6') in 0.048011 seconds
  Import took 0.052540 seconds .

========================================================================
Received Import Request.
  Time since last request: 0.000565 seconds.
  path: Assets/Resources/png/Jump (3).png
  artifactKey: Guid(2730abbbd99a5b749b8da41d1820464d) Importer(815301076,1909f56bfc062723c751e8b465ee728b)
Start importing Assets/Resources/png/Jump (3).png using Guid(2730abbbd99a5b749b8da41d1820464d) Importer(815301076,1909f56bfc062723c751e8b465ee728b)  -> (artifact id: 'f5e165b3315028e10fce14ddd9b5cfb0') in 0.073794 seconds
  Import took 0.079763 seconds .

========================================================================
Received Import Request.
  Time since last request: 0.000558 seconds.
  path: Assets/Resources/png/Idle (16).png
  artifactKey: Guid(89008ab922126244091b7fe72f1609f6) Importer(815301076,1909f56bfc062723c751e8b465ee728b)
Start importing Assets/Resources/png/Idle (16).png using Guid(89008ab922126244091b7fe72f1609f6) Importer(815301076,1909f56bfc062723c751e8b465ee728b)  -> (artifact id: '00b8f5c87e8c42090c548a93d5978539') in 0.062265 seconds
  Import took 0.066950 seconds .

========================================================================
Received Import Request.
  Time since last request: 0.000490 seconds.
  path: Assets/Resources/png/Jump (4).png
  artifactKey: Guid(fb61dfd6566c9d44087742ead37714d0) Importer(815301076,1909f56bfc062723c751e8b465ee728b)
Start importing Assets/Resources/png/Jump (4).png using Guid(fb61dfd6566c9d44087742ead37714d0) Importer(815301076,1909f56bfc062723c751e8b465ee728b)  -> (artifact id: 'bcfe854e969440ea58b98b0646bea71a') in 0.060802 seconds
  Import took 0.064621 seconds .

========================================================================
Received Import Request.
  Time since last request: 50.380585 seconds.
  path: Assets/Script/Player.cs
  artifactKey: Guid(3f8859e15c1b15a45ab6c6e18b594968) Importer(815301076,1909f56bfc062723c751e8b465ee728b)
Start importing Assets/Script/Player.cs using Guid(3f8859e15c1b15a45ab6c6e18b594968) Importer(815301076,1909f56bfc062723c751e8b465ee728b)  -> (artifact id: '7b9c6d313e45bfeb250f059a50bb6631') in 0.027790 seconds
  Import took 0.032193 seconds .

========================================================================
Received Import Request.
  Time since last request: 3.999550 seconds.
  path: Assets/Script/Player.cs
  artifactKey: Guid(3f8859e15c1b15a45ab6c6e18b594968) Importer(815301076,1909f56bfc062723c751e8b465ee728b)
Start importing Assets/Script/Player.cs using Guid(3f8859e15c1b15a45ab6c6e18b594968) Importer(815301076,1909f56bfc062723c751e8b465ee728b)  -> (artifact id: '7b9c6d313e45bfeb250f059a50bb6631') in 0.023185 seconds
  Import took 0.029509 seconds .

========================================================================
Received Prepare
Registering precompiled user dll's ...
Registered in 0.008832 seconds.
Begin MonoManager ReloadAssembly
Native extension for WindowsStandalone target not found
Refreshing native plugins compatible for Editor in 0.39 ms, found 0 plugins.
Preloading 0 native plugins for Editor in 0.00 ms.
Mono: successfully reloaded assembly
- Completed reload, in  2.936 seconds
Platform modules already initialized, skipping
Refreshing native plugins compatible for Editor in 0.31 ms, found 0 plugins.
Preloading 0 native plugins for Editor in 0.00 ms.
Unloading 1111 Unused Serialized files (Serialized files now loaded: 0)
System memory in use before: 79.8 MB.
System memory in use after: 79.9 MB.

Unloading 5 unused Assets to reduce memory usage. Loaded Objects now: 1592.
Total: 2.628400 ms (FindLiveObjects: 0.176100 ms CreateObjectMapping: 0.054900 ms MarkObjects: 2.260800 ms  DeleteObjects: 0.134800 ms)

========================================================================
Received Import Request.
  Time since last request: 2843.457889 seconds.
  path: Assets/Script/Player.cs
  artifactKey: Guid(3f8859e15c1b15a45ab6c6e18b594968) Importer(815301076,1909f56bfc062723c751e8b465ee728b)
Start importing Assets/Script/Player.cs using Guid(3f8859e15c1b15a45ab6c6e18b594968) Importer(815301076,1909f56bfc062723c751e8b465ee728b)  -> (artifact id: 'a561e1aa360e69413131d80f012393ab') in 0.096647 seconds
  Import took 0.104026 seconds .

========================================================================
Received Import Request.
  Time since last request: 0.058684 seconds.
  path: Assets/Script/Player.cs
  artifactKey: Guid(3f8859e15c1b15a45ab6c6e18b594968) Importer(815301076,1909f56bfc062723c751e8b465ee728b)
Start importing Assets/Script/Player.cs using Guid(3f8859e15c1b15a45ab6c6e18b594968) Importer(815301076,1909f56bfc062723c751e8b465ee728b)  -> (artifact id: 'a561e1aa360e69413131d80f012393ab') in 0.019700 seconds
  Import took 0.026010 seconds .

========================================================================
Received Prepare
Registering precompiled user dll's ...
Registered in 0.001976 seconds.
Begin MonoManager ReloadAssembly
Native extension for WindowsStandalone target not found
Refreshing native plugins compatible for Editor in 0.49 ms, found 0 plugins.
Preloading 0 native plugins for Editor in 0.00 ms.
Mono: successfully reloaded assembly
- Completed reload, in  2.422 seconds
Platform modules already initialized, skipping
Refreshing native plugins compatible for Editor in 0.43 ms, found 0 plugins.
Preloading 0 native plugins for Editor in 0.00 ms.
Unloading 1111 Unused Serialized files (Serialized files now loaded: 0)
System memory in use before: 79.8 MB.
System memory in use after: 79.9 MB.

Unloading 5 unused Assets to reduce memory usage. Loaded Objects now: 1595.
Total: 2.673100 ms (FindLiveObjects: 0.174500 ms CreateObjectMapping: 0.051300 ms MarkObjects: 2.338200 ms  DeleteObjects: 0.107500 ms)

========================================================================
Received Import Request.
  Time since last request: 53.439482 seconds.
  path: Assets/Script/Player.cs
  artifactKey: Guid(3f8859e15c1b15a45ab6c6e18b594968) Importer(815301076,1909f56bfc062723c751e8b465ee728b)
Start importing Assets/Script/Player.cs using Guid(3f8859e15c1b15a45ab6c6e18b594968) Importer(815301076,1909f56bfc062723c751e8b465ee728b)  -> (artifact id: '802e6b6850a0a499459339d97bdc67b0') in 0.013511 seconds
  Import took 0.017757 seconds .

========================================================================
Received Import Request.
  Time since last request: 2.743051 seconds.
  path: Assets/Script/Player.cs
  artifactKey: Guid(3f8859e15c1b15a45ab6c6e18b594968) Importer(815301076,1909f56bfc062723c751e8b465ee728b)
Start importing Assets/Script/Player.cs using Guid(3f8859e15c1b15a45ab6c6e18b594968) Importer(815301076,1909f56bfc062723c751e8b465ee728b)  -> (artifact id: '802e6b6850a0a499459339d97bdc67b0') in 0.011562 seconds
  Import took 0.015839 seconds .

========================================================================
Received Prepare
Registering precompiled user dll's ...
Registered in 0.001225 seconds.
Begin MonoManager ReloadAssembly
Native extension for WindowsStandalone target not found
Refreshing native plugins compatible for Editor in 0.23 ms, found 0 plugins.
Preloading 0 native plugins for Editor in 0.00 ms.
Mono: successfully reloaded assembly
- Completed reload, in  1.239 seconds
Platform modules already initialized, skipping
Refreshing native plugins compatible for Editor in 0.23 ms, found 0 plugins.
Preloading 0 native plugins for Editor in 0.00 ms.
Unloading 1111 Unused Serialized files (Serialized files now loaded: 0)
System memory in use before: 79.8 MB.
System memory in use after: 79.9 MB.

Unloading 5 unused Assets to reduce memory usage. Loaded Objects now: 1598.
Total: 2.085300 ms (FindLiveObjects: 0.136200 ms CreateObjectMapping: 0.037700 ms MarkObjects: 1.812300 ms  DeleteObjects: 0.097500 ms)

========================================================================
Received Prepare
Registering precompiled user dll's ...
Registered in 0.001930 seconds.
Begin MonoManager ReloadAssembly
Native extension for WindowsStandalone target not found
Refreshing native plugins compatible for Editor in 0.23 ms, found 0 plugins.
Preloading 0 native plugins for Editor in 0.00 ms.
Mono: successfully reloaded assembly
- Completed reload, in  1.249 seconds
Platform modules already initialized, skipping
Refreshing native plugins compatible for Editor in 0.36 ms, found 0 plugins.
Preloading 0 native plugins for Editor in 0.00 ms.
Unloading 1111 Unused Serialized files (Serialized files now loaded: 0)
System memory in use before: 79.8 MB.
System memory in use after: 79.9 MB.

Unloading 5 unused Assets to reduce memory usage. Loaded Objects now: 1601.
Total: 3.023100 ms (FindLiveObjects: 0.285900 ms CreateObjectMapping: 0.051300 ms MarkObjects: 2.583500 ms  DeleteObjects: 0.100800 ms)

========================================================================
Received Prepare
Registering precompiled user dll's ...
Registered in 0.002399 seconds.
Begin MonoManager ReloadAssembly
Native extension for WindowsStandalone target not found
Refreshing native plugins compatible for Editor in 0.28 ms, found 0 plugins.
Preloading 0 native plugins for Editor in 0.00 ms.
Mono: successfully reloaded assembly
- Completed reload, in  1.136 seconds
Platform modules already initialized, skipping
Refreshing native plugins compatible for Editor in 0.47 ms, found 0 plugins.
Preloading 0 native plugins for Editor in 0.00 ms.
Unloading 1111 Unused Serialized files (Serialized files now loaded: 0)
System memory in use before: 79.8 MB.
System memory in use after: 79.9 MB.

Unloading 5 unused Assets to reduce memory usage. Loaded Objects now: 1604.
Total: 1.869200 ms (FindLiveObjects: 0.136000 ms CreateObjectMapping: 0.037900 ms MarkObjects: 1.505000 ms  DeleteObjects: 0.189100 ms)

========================================================================
Received Prepare
Registering precompiled user dll's ...
Registered in 0.001765 seconds.
Begin MonoManager ReloadAssembly
Native extension for WindowsStandalone target not found
Refreshing native plugins compatible for Editor in 0.23 ms, found 0 plugins.
Preloading 0 native plugins for Editor in 0.00 ms.
Mono: successfully reloaded assembly
- Completed reload, in  1.262 seconds
Platform modules already initialized, skipping
Refreshing native plugins compatible for Editor in 0.30 ms, found 0 plugins.
Preloading 0 native plugins for Editor in 0.00 ms.
Unloading 1111 Unused Serialized files (Serialized files now loaded: 0)
System memory in use before: 79.8 MB.
System memory in use after: 79.9 MB.

Unloading 5 unused Assets to reduce memory usage. Loaded Objects now: 1607.
Total: 1.900100 ms (FindLiveObjects: 0.185500 ms CreateObjectMapping: 0.047900 ms MarkObjects: 1.590000 ms  DeleteObjects: 0.075500 ms)

========================================================================
Received Prepare
Registering precompiled user dll's ...
Registered in 0.001298 seconds.
Begin MonoManager ReloadAssembly
Native extension for WindowsStandalone target not found
Refreshing native plugins compatible for Editor in 0.23 ms, found 0 plugins.
Preloading 0 native plugins for Editor in 0.00 ms.
Mono: successfully reloaded assembly
- Completed reload, in  1.445 seconds
Platform modules already initialized, skipping
Refreshing native plugins compatible for Editor in 0.24 ms, found 0 plugins.
Preloading 0 native plugins for Editor in 0.00 ms.
Unloading 1111 Unused Serialized files (Serialized files now loaded: 0)
System memory in use before: 79.8 MB.
System memory in use after: 79.9 MB.

Unloading 5 unused Assets to reduce memory usage. Loaded Objects now: 1610.
Total: 2.189200 ms (FindLiveObjects: 0.146800 ms CreateObjectMapping: 0.037200 ms MarkObjects: 1.857200 ms  DeleteObjects: 0.146900 ms)

========================================================================
Received Prepare
Registering precompiled user dll's ...
Registered in 0.001935 seconds.
Begin MonoManager ReloadAssembly
Native extension for WindowsStandalone target not found
Refreshing native plugins compatible for Editor in 0.24 ms, found 0 plugins.
Preloading 0 native plugins for Editor in 0.00 ms.
Mono: successfully reloaded assembly
- Completed reload, in  1.175 seconds
Platform modules already initialized, skipping
Refreshing native plugins compatible for Editor in 0.39 ms, found 0 plugins.
Preloading 0 native plugins for Editor in 0.00 ms.
Unloading 1111 Unused Serialized files (Serialized files now loaded: 0)
System memory in use before: 79.9 MB.
System memory in use after: 79.9 MB.

Unloading 5 unused Assets to reduce memory usage. Loaded Objects now: 1613.
Total: 2.698300 ms (FindLiveObjects: 0.156200 ms CreateObjectMapping: 0.045800 ms MarkObjects: 2.401200 ms  DeleteObjects: 0.093000 ms)

========================================================================
Received Prepare
Registering precompiled user dll's ...
Registered in 0.002014 seconds.
Begin MonoManager ReloadAssembly
Native extension for WindowsStandalone target not found
Refreshing native plugins compatible for Editor in 0.25 ms, found 0 plugins.
Preloading 0 native plugins for Editor in 0.00 ms.
Mono: successfully reloaded assembly
- Completed reload, in  1.752 seconds
Platform modules already initialized, skipping
Refreshing native plugins compatible for Editor in 0.22 ms, found 0 plugins.
Preloading 0 native plugins for Editor in 0.00 ms.
Unloading 1111 Unused Serialized files (Serialized files now loaded: 0)
System memory in use before: 79.9 MB.
System memory in use after: 79.9 MB.

Unloading 5 unused Assets to reduce memory usage. Loaded Objects now: 1616.
Total: 3.301600 ms (FindLiveObjects: 0.310300 ms CreateObjectMapping: 0.108000 ms MarkObjects: 2.804800 ms  DeleteObjects: 0.076800 ms)

========================================================================
Received Import Request.
  Time since last request: 6339.481657 seconds.
  path: Assets/Script/Status.cs
  artifactKey: Guid(6f296e7d19a59e345829b6183deabb62) Importer(815301076,1909f56bfc062723c751e8b465ee728b)
Start importing Assets/Script/Status.cs using Guid(6f296e7d19a59e345829b6183deabb62) Importer(815301076,1909f56bfc062723c751e8b465ee728b)  -> (artifact id: 'dda5403e79cf5dca6e0d39ba69838cd2') in 0.042758 seconds
  Import took 0.045932 seconds .

========================================================================
Received Prepare
Registering precompiled user dll's ...
Registered in 0.001329 seconds.
Begin MonoManager ReloadAssembly
Native extension for WindowsStandalone target not found
Refreshing native plugins compatible for Editor in 0.24 ms, found 0 plugins.
Preloading 0 native plugins for Editor in 0.00 ms.
Mono: successfully reloaded assembly
- Completed reload, in  2.170 seconds
Platform modules already initialized, skipping
Refreshing native plugins compatible for Editor in 0.46 ms, found 0 plugins.
Preloading 0 native plugins for Editor in 0.00 ms.
Unloading 1112 Unused Serialized files (Serialized files now loaded: 0)
System memory in use before: 79.9 MB.
System memory in use after: 80.0 MB.

Unloading 5 unused Assets to reduce memory usage. Loaded Objects now: 1620.
Total: 6.766800 ms (FindLiveObjects: 0.256300 ms CreateObjectMapping: 0.085300 ms MarkObjects: 6.325500 ms  DeleteObjects: 0.097200 ms)

========================================================================
Received Prepare
Registering precompiled user dll's ...
Registered in 0.006510 seconds.
Begin MonoManager ReloadAssembly
Native extension for WindowsStandalone target not found
Refreshing native plugins compatible for Editor in 0.21 ms, found 0 plugins.
Preloading 0 native plugins for Editor in 0.00 ms.
Mono: successfully reloaded assembly
- Completed reload, in  1.178 seconds
Platform modules already initialized, skipping
Refreshing native plugins compatible for Editor in 0.23 ms, found 0 plugins.
Preloading 0 native plugins for Editor in 0.00 ms.
Unloading 1112 Unused Serialized files (Serialized files now loaded: 0)
System memory in use before: 79.9 MB.
System memory in use after: 80.0 MB.

Unloading 5 unused Assets to reduce memory usage. Loaded Objects now: 1623.
Total: 2.991700 ms (FindLiveObjects: 0.280000 ms CreateObjectMapping: 0.083800 ms MarkObjects: 2.545400 ms  DeleteObjects: 0.080600 ms)

========================================================================
Received Import Request.
  Time since last request: 530.212940 seconds.
  path: Assets/Script/Status.cs
  artifactKey: Guid(6f296e7d19a59e345829b6183deabb62) Importer(815301076,1909f56bfc062723c751e8b465ee728b)
Start importing Assets/Script/Status.cs using Guid(6f296e7d19a59e345829b6183deabb62) Importer(815301076,1909f56bfc062723c751e8b465ee728b)  -> (artifact id: 'aa5a24a0211eda39a9614d6375d940c7') in 0.010859 seconds
  Import took 0.013167 seconds .

========================================================================
Received Import Request.
  Time since last request: 134.670764 seconds.
  path: Assets/Script/Player.cs
  artifactKey: Guid(3f8859e15c1b15a45ab6c6e18b594968) Importer(815301076,1909f56bfc062723c751e8b465ee728b)
Start importing Assets/Script/Player.cs using Guid(3f8859e15c1b15a45ab6c6e18b594968) Importer(815301076,1909f56bfc062723c751e8b465ee728b)  -> (artifact id: '8503df48c84f39995762a54e420454ac') in 0.009262 seconds
  Import took 0.013022 seconds .

========================================================================
Received Import Request.
  Time since last request: 151.197732 seconds.
  path: Assets/Script/Player.cs
  artifactKey: Guid(3f8859e15c1b15a45ab6c6e18b594968) Importer(815301076,1909f56bfc062723c751e8b465ee728b)
Start importing Assets/Script/Player.cs using Guid(3f8859e15c1b15a45ab6c6e18b594968) Importer(815301076,1909f56bfc062723c751e8b465ee728b)  -> (artifact id: '7e7a4b1cb1d690296b803d754a529448') in 0.020870 seconds
  Import took 0.031281 seconds .

========================================================================
Received Prepare
Registering precompiled user dll's ...
Registered in 0.001180 seconds.
Begin MonoManager ReloadAssembly
Native extension for WindowsStandalone target not found
Refreshing native plugins compatible for Editor in 0.25 ms, found 0 plugins.
Preloading 0 native plugins for Editor in 0.00 ms.
Mono: successfully reloaded assembly
- Completed reload, in  1.391 seconds
Platform modules already initialized, skipping
Refreshing native plugins compatible for Editor in 0.23 ms, found 0 plugins.
Preloading 0 native plugins for Editor in 0.00 ms.
Unloading 1112 Unused Serialized files (Serialized files now loaded: 0)
System memory in use before: 79.9 MB.
System memory in use after: 80.0 MB.

Unloading 5 unused Assets to reduce memory usage. Loaded Objects now: 1626.
Total: 2.334900 ms (FindLiveObjects: 0.151400 ms CreateObjectMapping: 0.037000 ms MarkObjects: 1.982900 ms  DeleteObjects: 0.162300 ms)

========================================================================
Received Prepare
Registering precompiled user dll's ...
Registered in 0.012819 seconds.
Begin MonoManager ReloadAssembly
Native extension for WindowsStandalone target not found
Refreshing native plugins compatible for Editor in 0.62 ms, found 0 plugins.
Preloading 0 native plugins for Editor in 0.00 ms.
Mono: successfully reloaded assembly
- Completed reload, in 10.412 seconds
Platform modules already initialized, skipping
Refreshing native plugins compatible for Editor in 0.23 ms, found 0 plugins.
Preloading 0 native plugins for Editor in 0.00 ms.
Unloading 1112 Unused Serialized files (Serialized files now loaded: 0)
System memory in use before: 79.9 MB.
System memory in use after: 80.0 MB.

Unloading 5 unused Assets to reduce memory usage. Loaded Objects now: 1629.
Total: 2.246600 ms (FindLiveObjects: 0.151700 ms CreateObjectMapping: 0.040500 ms MarkObjects: 1.977000 ms  DeleteObjects: 0.075800 ms)

========================================================================
Received Prepare
Registering precompiled user dll's ...
Registered in 0.002015 seconds.
Begin MonoManager ReloadAssembly
Native extension for WindowsStandalone target not found
Refreshing native plugins compatible for Editor in 1.50 ms, found 0 plugins.
Preloading 0 native plugins for Editor in 0.00 ms.
Mono: successfully reloaded assembly
- Completed reload, in 13.639 seconds
Platform modules already initialized, skipping
Refreshing native plugins compatible for Editor in 0.89 ms, found 0 plugins.
Preloading 0 native plugins for Editor in 0.00 ms.
Unloading 1112 Unused Serialized files (Serialized files now loaded: 0)
System memory in use before: 79.9 MB.
System memory in use after: 80.0 MB.

Unloading 5 unused Assets to reduce memory usage. Loaded Objects now: 1632.
Total: 10.488700 ms (FindLiveObjects: 1.264700 ms CreateObjectMapping: 0.322100 ms MarkObjects: 8.686900 ms  DeleteObjects: 0.211500 ms)

========================================================================
Received Prepare
Registering precompiled user dll's ...
Registered in 0.001232 seconds.
Begin MonoManager ReloadAssembly
Native extension for WindowsStandalone target not found
Refreshing native plugins compatible for Editor in 1.05 ms, found 0 plugins.
Preloading 0 native plugins for Editor in 0.00 ms.
Mono: successfully reloaded assembly
- Completed reload, in  3.554 seconds
Platform modules already initialized, skipping
Refreshing native plugins compatible for Editor in 0.35 ms, found 0 plugins.
Preloading 0 native plugins for Editor in 0.00 ms.
Unloading 1112 Unused Serialized files (Serialized files now loaded: 0)
System memory in use before: 79.9 MB.
System memory in use after: 80.0 MB.

Unloading 5 unused Assets to reduce memory usage. Loaded Objects now: 1635.
Total: 5.536900 ms (FindLiveObjects: 0.254400 ms CreateObjectMapping: 0.094900 ms MarkObjects: 5.083900 ms  DeleteObjects: 0.102100 ms)

========================================================================
Received Prepare
Registering precompiled user dll's ...
Registered in 0.010027 seconds.
Begin MonoManager ReloadAssembly
Native extension for WindowsStandalone target not found
Refreshing native plugins compatible for Editor in 0.29 ms, found 0 plugins.
Preloading 0 native plugins for Editor in 0.00 ms.
Mono: successfully reloaded assembly
- Completed reload, in  1.188 seconds
Platform modules already initialized, skipping
Refreshing native plugins compatible for Editor in 0.22 ms, found 0 plugins.
Preloading 0 native plugins for Editor in 0.00 ms.
Unloading 1112 Unused Serialized files (Serialized files now loaded: 0)
System memory in use before: 79.9 MB.
System memory in use after: 80.0 MB.

Unloading 5 unused Assets to reduce memory usage. Loaded Objects now: 1638.
Total: 3.303700 ms (FindLiveObjects: 0.236900 ms CreateObjectMapping: 0.115000 ms MarkObjects: 2.821200 ms  DeleteObjects: 0.128900 ms)

========================================================================
Received Prepare
Registering precompiled user dll's ...
Registered in 0.001743 seconds.
Begin MonoManager ReloadAssembly
Native extension for WindowsStandalone target not found
Refreshing native plugins compatible for Editor in 0.25 ms, found 0 plugins.
Preloading 0 native plugins for Editor in 0.00 ms.
Mono: successfully reloaded assembly
- Completed reload, in  1.605 seconds
Platform modules already initialized, skipping
Refreshing native plugins compatible for Editor in 0.22 ms, found 0 plugins.
Preloading 0 native plugins for Editor in 0.00 ms.
Unloading 1112 Unused Serialized files (Serialized files now loaded: 0)
System memory in use before: 79.9 MB.
System memory in use after: 80.0 MB.

Unloading 5 unused Assets to reduce memory usage. Loaded Objects now: 1641.
Total: 2.077300 ms (FindLiveObjects: 0.345400 ms CreateObjectMapping: 0.051000 ms MarkObjects: 1.603300 ms  DeleteObjects: 0.076200 ms)

========================================================================
Received Prepare
Registering precompiled user dll's ...
Registered in 0.001218 seconds.
Begin MonoManager ReloadAssembly
Native extension for WindowsStandalone target not found
Refreshing native plugins compatible for Editor in 0.22 ms, found 0 plugins.
Preloading 0 native plugins for Editor in 0.00 ms.
Mono: successfully reloaded assembly
- Completed reload, in  1.255 seconds
Platform modules already initialized, skipping
Refreshing native plugins compatible for Editor in 0.23 ms, found 0 plugins.
Preloading 0 native plugins for Editor in 0.00 ms.
Unloading 1112 Unused Serialized files (Serialized files now loaded: 0)
System memory in use before: 79.9 MB.
System memory in use after: 80.0 MB.

Unloading 5 unused Assets to reduce memory usage. Loaded Objects now: 1644.
Total: 2.185400 ms (FindLiveObjects: 0.229200 ms CreateObjectMapping: 0.077400 ms MarkObjects: 1.797200 ms  DeleteObjects: 0.079800 ms)

========================================================================
Received Prepare
Registering precompiled user dll's ...
Registered in 0.001953 seconds.
Begin MonoManager ReloadAssembly
Native extension for WindowsStandalone target not found
Refreshing native plugins compatible for Editor in 0.23 ms, found 0 plugins.
Preloading 0 native plugins for Editor in 0.00 ms.
Mono: successfully reloaded assembly
- Completed reload, in  1.635 seconds
Platform modules already initialized, skipping
Refreshing native plugins compatible for Editor in 0.23 ms, found 0 plugins.
Preloading 0 native plugins for Editor in 0.00 ms.
Unloading 1112 Unused Serialized files (Serialized files now loaded: 0)
System memory in use before: 79.9 MB.
System memory in use after: 80.0 MB.

Unloading 5 unused Assets to reduce memory usage. Loaded Objects now: 1647.
Total: 2.242800 ms (FindLiveObjects: 0.159000 ms CreateObjectMapping: 0.069400 ms MarkObjects: 1.897000 ms  DeleteObjects: 0.116100 ms)

========================================================================
Received Prepare
Registering precompiled user dll's ...
Registered in 0.001238 seconds.
Begin MonoManager ReloadAssembly
Native extension for WindowsStandalone target not found
Refreshing native plugins compatible for Editor in 0.31 ms, found 0 plugins.
Preloading 0 native plugins for Editor in 0.00 ms.
Mono: successfully reloaded assembly
- Completed reload, in  1.292 seconds
Platform modules already initialized, skipping
Refreshing native plugins compatible for Editor in 0.23 ms, found 0 plugins.
Preloading 0 native plugins for Editor in 0.00 ms.
Unloading 1112 Unused Serialized files (Serialized files now loaded: 0)
System memory in use before: 79.9 MB.
System memory in use after: 80.0 MB.

Unloading 5 unused Assets to reduce memory usage. Loaded Objects now: 1650.
Total: 2.348000 ms (FindLiveObjects: 0.191700 ms CreateObjectMapping: 0.052800 ms MarkObjects: 1.995500 ms  DeleteObjects: 0.107000 ms)

========================================================================
Received Prepare
Registering precompiled user dll's ...
Registered in 0.001172 seconds.
Begin MonoManager ReloadAssembly
Native extension for WindowsStandalone target not found
Refreshing native plugins compatible for Editor in 0.30 ms, found 0 plugins.
Preloading 0 native plugins for Editor in 0.00 ms.
Mono: successfully reloaded assembly
- Completed reload, in  1.259 seconds
Platform modules already initialized, skipping
Refreshing native plugins compatible for Editor in 0.23 ms, found 0 plugins.
Preloading 0 native plugins for Editor in 0.00 ms.
Unloading 1112 Unused Serialized files (Serialized files now loaded: 0)
System memory in use before: 80.0 MB.
System memory in use after: 80.0 MB.

Unloading 5 unused Assets to reduce memory usage. Loaded Objects now: 1653.
Total: 2.658300 ms (FindLiveObjects: 0.292200 ms CreateObjectMapping: 0.095300 ms MarkObjects: 2.163800 ms  DeleteObjects: 0.105600 ms)

========================================================================
Received Prepare
Registering precompiled user dll's ...
Registered in 0.001201 seconds.
Begin MonoManager ReloadAssembly
Native extension for WindowsStandalone target not found
Refreshing native plugins compatible for Editor in 0.22 ms, found 0 plugins.
Preloading 0 native plugins for Editor in 0.00 ms.
Mono: successfully reloaded assembly
- Completed reload, in  1.254 seconds
Platform modules already initialized, skipping
Refreshing native plugins compatible for Editor in 0.23 ms, found 0 plugins.
Preloading 0 native plugins for Editor in 0.00 ms.
Unloading 1112 Unused Serialized files (Serialized files now loaded: 0)
System memory in use before: 80.0 MB.
System memory in use after: 80.0 MB.

Unloading 5 unused Assets to reduce memory usage. Loaded Objects now: 1656.
Total: 2.147300 ms (FindLiveObjects: 0.159200 ms CreateObjectMapping: 0.045400 ms MarkObjects: 1.849400 ms  DeleteObjects: 0.092000 ms)

AssetImportWorkerClient::OnTransportError - code=2 error=End of file
